mode: set
/Volumes/JetDrive/donuts_intern/lecture/assignment/sqlmocktest/sample1/main.go:13.13,15.16 2 0
/Volumes/JetDrive/donuts_intern/lecture/assignment/sqlmocktest/sample1/main.go:18.2,20.16 3 0
/Volumes/JetDrive/donuts_intern/lecture/assignment/sqlmocktest/sample1/main.go:23.2,23.26 1 0
/Volumes/JetDrive/donuts_intern/lecture/assignment/sqlmocktest/sample1/main.go:15.16,17.3 1 0
/Volumes/JetDrive/donuts_intern/lecture/assignment/sqlmocktest/sample1/main.go:20.16,22.3 1 0
/Volumes/JetDrive/donuts_intern/lecture/assignment/sqlmocktest/sample1/main.go:26.53,30.49 4 1
/Volumes/JetDrive/donuts_intern/lecture/assignment/sqlmocktest/sample1/main.go:33.2,33.16 1 1
/Volumes/JetDrive/donuts_intern/lecture/assignment/sqlmocktest/sample1/main.go:30.49,32.3 1 0
