mode: set
minich-sample/sqlmock/sqlx_sample2/main.go:7.14,9.2 0 0
minich-sample/sqlmock/sqlx_sample2/main.go:11.50,13.16 2 1
minich-sample/sqlmock/sqlx_sample2/main.go:16.2,18.50 3 1
minich-sample/sqlmock/sqlx_sample2/main.go:21.2,23.16 3 0
minich-sample/sqlmock/sqlx_sample2/main.go:27.2,27.20 1 0
minich-sample/sqlmock/sqlx_sample2/main.go:13.16,15.3 1 0
minich-sample/sqlmock/sqlx_sample2/main.go:18.50,20.3 1 1
minich-sample/sqlmock/sqlx_sample2/main.go:23.16,26.3 2 0
minich-sample/sqlmock/sqlx_sample2/main.go:30.71,32.16 2 1
minich-sample/sqlmock/sqlx_sample2/main.go:35.2,37.16 3 1
minich-sample/sqlmock/sqlx_sample2/main.go:41.2,42.16 2 0
minich-sample/sqlmock/sqlx_sample2/main.go:46.2,48.16 3 0
minich-sample/sqlmock/sqlx_sample2/main.go:52.2,53.16 2 0
minich-sample/sqlmock/sqlx_sample2/main.go:57.2,57.19 1 0
minich-sample/sqlmock/sqlx_sample2/main.go:65.2,65.12 1 0
minich-sample/sqlmock/sqlx_sample2/main.go:32.16,34.3 1 0
minich-sample/sqlmock/sqlx_sample2/main.go:37.16,40.3 2 1
minich-sample/sqlmock/sqlx_sample2/main.go:42.16,45.3 2 0
minich-sample/sqlmock/sqlx_sample2/main.go:48.16,51.3 2 0
minich-sample/sqlmock/sqlx_sample2/main.go:53.16,56.3 2 0
minich-sample/sqlmock/sqlx_sample2/main.go:57.19,60.17 3 0
minich-sample/sqlmock/sqlx_sample2/main.go:60.17,63.4 2 0
