mode: set
/Volumes/JetDrive/donuts_intern/lecture/assignment/sqlmocktest/sample2/main.go:8.14,10.2 0 0
/Volumes/JetDrive/donuts_intern/lecture/assignment/sqlmocktest/sample2/main.go:12.64,14.16 2 1
/Volumes/JetDrive/donuts_intern/lecture/assignment/sqlmocktest/sample2/main.go:17.2,20.40 4 1
/Volumes/JetDrive/donuts_intern/lecture/assignment/sqlmocktest/sample2/main.go:24.2,24.21 1 1
/Volumes/JetDrive/donuts_intern/lecture/assignment/sqlmocktest/sample2/main.go:37.2,37.36 1 1
/Volumes/JetDrive/donuts_intern/lecture/assignment/sqlmocktest/sample2/main.go:40.2,40.12 1 1
/Volumes/JetDrive/donuts_intern/lecture/assignment/sqlmocktest/sample2/main.go:14.16,16.3 1 1
/Volumes/JetDrive/donuts_intern/lecture/assignment/sqlmocktest/sample2/main.go:20.40,23.3 2 1
/Volumes/JetDrive/donuts_intern/lecture/assignment/sqlmocktest/sample2/main.go:24.21,27.17 3 1
/Volumes/JetDrive/donuts_intern/lecture/assignment/sqlmocktest/sample2/main.go:31.3,32.20 2 1
/Volumes/JetDrive/donuts_intern/lecture/assignment/sqlmocktest/sample2/main.go:27.17,30.4 2 1
/Volumes/JetDrive/donuts_intern/lecture/assignment/sqlmocktest/sample2/main.go:32.20,35.4 2 1
/Volumes/JetDrive/donuts_intern/lecture/assignment/sqlmocktest/sample2/main.go:37.36,39.3 1 1
